<?xml version="1.0" encoding="UTF-8"?>
<!-- Generated by org.testng.reporters.JUnitXMLReporter -->
<testsuite ignored="0" hostname="DESKTOP-285KDFR" failures="0" tests="4" name="Test" time="0.25" errors="0" timestamp="2022-07-02T18:59:06 IST">
  <testcase classname="tests.TestClass1" name="test1" time="0.024"/>
  <testcase classname="tests.TestClass1" name="test2" time="0.0"/>
  <testcase classname="tests.TestClass2" name="test3" time="0.0"/>
  <testcase classname="tests.TestClass2" name="test4" time="0.018"/>
</testsuite> <!-- Test -->
