<?xml version="1.0" encoding="UTF-8"?>
<!-- Generated by org.testng.reporters.JUnitXMLReporter -->
<testsuite ignored="0" hostname="DESKTOP-285KDFR" failures="0" tests="4" name="Test(failed)" time="0.115" errors="0" timestamp="2022-06-30T19:17:08 IST">
  <testcase classname="tests.TestClass1" name="test1" time="0.019"/>
  <testcase classname="tests.TestClass1" name="test2" time="0.0"/>
  <testcase classname="tests.TestClass2" name="test3" time="0.015"/>
  <testcase classname="tests.TestClass2" name="test4" time="0.0"/>
</testsuite> <!-- Test(failed) -->
