<?xml version="1.0" encoding="UTF-8"?>
<testng-results ignored="0" total="4" passed="4" failed="0" skipped="0">
  <reporter-output>
  </reporter-output>
  <suite started-at="2022-07-02T18:59:06 IST" name="Suite" finished-at="2022-07-02T18:59:06 IST" duration-ms="250">
    <groups>
    </groups>
    <test started-at="2022-07-02T18:59:06 IST" name="Test" finished-at="2022-07-02T18:59:06 IST" duration-ms="250">
      <class name="tests.TestClass1">
        <test-method signature="test1()[pri:0, instance:tests.TestClass1@54e1c68b]" started-at="2022-07-02T18:59:06 IST" name="test1" finished-at="2022-07-02T18:59:06 IST" duration-ms="24" status="PASS">
          <reporter-output>
          </reporter-output>
        </test-method> <!-- test1 -->
        <test-method signature="test2()[pri:0, instance:tests.TestClass1@54e1c68b]" started-at="2022-07-02T18:59:06 IST" name="test2" finished-at="2022-07-02T18:59:06 IST" duration-ms="0" status="PASS">
          <reporter-output>
          </reporter-output>
        </test-method> <!-- test2 -->
      </class> <!-- tests.TestClass1 -->
      <class name="tests.TestClass2">
        <test-method signature="test3()[pri:0, instance:tests.TestClass2@5e600dd5]" started-at="2022-07-02T18:59:06 IST" name="test3" finished-at="2022-07-02T18:59:06 IST" duration-ms="0" status="PASS">
          <reporter-output>
          </reporter-output>
        </test-method> <!-- test3 -->
        <test-method signature="test4()[pri:0, instance:tests.TestClass2@5e600dd5]" started-at="2022-07-02T18:59:06 IST" name="test4" finished-at="2022-07-02T18:59:06 IST" duration-ms="18" status="PASS">
          <reporter-output>
          </reporter-output>
        </test-method> <!-- test4 -->
      </class> <!-- tests.TestClass2 -->
    </test> <!-- Test -->
  </suite> <!-- Suite -->
</testng-results>
