<?xml version="1.0" encoding="UTF-8"?>
<testng-results ignored="0" total="4" passed="4" failed="0" skipped="0">
  <reporter-output>
  </reporter-output>
  <suite started-at="2022-06-30T19:17:08 IST" name="Failed suite [Suite]" finished-at="2022-06-30T19:17:08 IST" duration-ms="115">
    <groups>
    </groups>
    <test started-at="2022-06-30T19:17:08 IST" name="Test(failed)" finished-at="2022-06-30T19:17:08 IST" duration-ms="115">
      <class name="tests.TestClass1">
        <test-method signature="test1()[pri:0, instance:tests.TestClass1@611889f4]" started-at="2022-06-30T19:17:08 IST" name="test1" finished-at="2022-06-30T19:17:08 IST" duration-ms="19" status="PASS">
          <reporter-output>
          </reporter-output>
        </test-method> <!-- test1 -->
        <test-method signature="test2()[pri:0, instance:tests.TestClass1@611889f4]" started-at="2022-06-30T19:17:08 IST" name="test2" finished-at="2022-06-30T19:17:08 IST" duration-ms="0" status="PASS">
          <reporter-output>
          </reporter-output>
        </test-method> <!-- test2 -->
      </class> <!-- tests.TestClass1 -->
      <class name="tests.TestClass2">
        <test-method signature="test3()[pri:0, instance:tests.TestClass2@2ed2d9cb]" started-at="2022-06-30T19:17:08 IST" name="test3" finished-at="2022-06-30T19:17:08 IST" duration-ms="15" status="PASS">
          <reporter-output>
          </reporter-output>
        </test-method> <!-- test3 -->
        <test-method signature="test4()[pri:0, instance:tests.TestClass2@2ed2d9cb]" started-at="2022-06-30T19:17:08 IST" name="test4" finished-at="2022-06-30T19:17:08 IST" duration-ms="0" status="PASS">
          <reporter-output>
          </reporter-output>
        </test-method> <!-- test4 -->
      </class> <!-- tests.TestClass2 -->
    </test> <!-- Test(failed) -->
  </suite> <!-- Failed suite [Suite] -->
</testng-results>
